SF:lib\features\vaults\data\models\vault_model.dart
DA:9,1
DA:13,1
DA:19,0
DA:20,0
DA:21,0
DA:22,0
DA:23,0
DA:24,0
DA:28,2
DA:29,1
DA:30,1
DA:31,1
DA:34,1
DA:36,4
LF:14
LH:8
end_of_record
SF:lib\features\vaults\data\repository_imp\vault_repository_impl.dart
DA:15,1
DA:17,0
DA:20,0
DA:21,0
DA:22,0
DA:23,0
DA:24,0
DA:25,0
DA:26,0
DA:28,0
DA:30,0
DA:31,0
DA:33,0
DA:37,0
DA:40,0
DA:42,0
DA:43,0
DA:44,0
DA:45,0
DA:47,0
DA:51,0
DA:54,0
DA:55,0
DA:56,0
DA:57,0
DA:58,0
DA:60,0
DA:62,0
DA:63,0
DA:65,0
DA:69,1
DA:72,2
DA:73,3
DA:74,5
DA:75,0
DA:76,0
DA:77,0
DA:78,0
DA:79,0
DA:81,0
DA:82,0
DA:83,0
DA:85,0
DA:86,0
DA:88,0
DA:90,0
DA:91,0
DA:92,0
LF:48
LH:5
end_of_record
SF:lib\features\vaults\domain\usecases\get_all_vaults_usecase.dart
DA:9,1
DA:11,1
DA:12,2
LF:3
LH:3
end_of_record
SF:lib\features\vaults\domain\usecases\create_vault_usecase.dart
DA:9,1
DA:11,0
DA:12,0
LF:3
LH:1
end_of_record
SF:lib\features\vaults\domain\usecases\delete_vault_usecase.dart
DA:9,1
DA:11,0
DA:12,0
LF:3
LH:1
end_of_record
SF:lib\features\vaults\presentation\bloc\vault_bloc.dart
DA:15,1
DA:19,2
DA:20,2
DA:21,2
DA:22,2
DA:25,1
DA:26,2
DA:27,2
DA:28,1
DA:29,0
DA:30,0
DA:31,0
DA:33,1
DA:34,3
DA:35,2
DA:40,0
DA:44,0
DA:45,0
DA:46,0
DA:47,0
DA:48,0
DA:52,0
DA:54,0
DA:55,0
DA:56,0
DA:57,0
DA:58,0
LF:27
LH:12
end_of_record
SF:lib\features\vaults\presentation\bloc\vault_event.dart
DA:8,0
DA:14,0
LF:2
LH:0
end_of_record
SF:lib\features\vaults\presentation\bloc\vault_state.dart
DA:12,1
DA:18,0
LF:2
LH:1
end_of_record
SF:lib\core\error\failure.dart
DA:4,1
DA:6,0
DA:7,0
LF:3
LH:1
end_of_record
SF:lib\features\vaults\domain\entities\vault.dart
DA:6,1
DA:12,1
DA:13,4
LF:3
LH:3
end_of_record
SF:lib\features\vaults\domain\errors\vault_failure.dart
DA:4,1
DA:6,0
DA:8,0
DA:11,0
DA:12,0
DA:14,0
LF:6
LH:1
end_of_record
